[2026-02-19 02:06:11] 
[2026-02-19 02:06:11] ======================================================================
[2026-02-19 02:06:11]   ARCANA OVERNIGHT INGESTION
[2026-02-19 02:06:11] ======================================================================
[2026-02-19 02:06:11] Pair:           ETH-USD
[2026-02-19 02:06:11] Backfill:       6 months
[2026-02-19 02:06:11] Log file:       E:\dev\Arcana\logs\overnight_2026-02-19_020611.log
[2026-02-19 02:06:11] Max retries:    5 per chunk
[2026-02-19 02:06:11] Started:        2026-02-19 02:06:11
[2026-02-19 02:06:11] 
[2026-02-19 02:06:11] ======================================================================
[2026-02-19 02:06:11]   1. PREREQUISITES
[2026-02-19 02:06:11] ======================================================================
[2026-02-19 02:06:11]   TimescaleDB: OK
[2026-02-19 02:06:11]   Clearing database for fresh start...
[2026-02-19 02:06:12]   All tables dropped.
[2026-02-19 02:06:12]   $ arcana --log-level INFO db init
    2026-02-19 02:06:12 [INFO] arcana.storage.database: Connected to database at localhost
    2026-02-19 02:06:12 [INFO] arcana.storage.database: Hypertables created/verified
    2026-02-19 02:06:12 [INFO] arcana.storage.database: Database schema initialized
[2026-02-19 02:06:12]   Schema: initialized (fresh)
[2026-02-19 02:06:12] 
[2026-02-19 02:06:12] ======================================================================
[2026-02-19 02:06:12]   2. BACKFILL (month-by-month)
[2026-02-19 02:06:12] ======================================================================
[2026-02-19 02:06:12]   6 monthly chunks to process
[2026-02-19 02:06:12]   2025-08-23 -> 2026-02-19
[2026-02-19 02:06:12] 
[2026-02-19 02:06:12]   [1/6] 2025-08-23 to 2025-09-22
[2026-02-19 02:06:12]   Attempt 1/5 for 2025-08-23 to 2025-09-22
[2026-02-19 02:06:12]   $ arcana --log-level INFO ingest ETH-USD --since 2025-08-23T07:06:12 --until 2025-09-22T07:06:12
