[2026-02-19 02:05:07] 
[2026-02-19 02:05:07] ======================================================================
[2026-02-19 02:05:07]   ARCANA OVERNIGHT INGESTION
[2026-02-19 02:05:07] ======================================================================
[2026-02-19 02:05:07] Pair:           ETH-USD
[2026-02-19 02:05:07] Backfill:       6 months
[2026-02-19 02:05:07] Log file:       E:\dev\Arcana\logs\overnight_2026-02-19_020507.log
[2026-02-19 02:05:07] Max retries:    5 per chunk
[2026-02-19 02:05:07] Started:        2026-02-19 02:05:07
[2026-02-19 02:05:07] 
[2026-02-19 02:05:07] ======================================================================
[2026-02-19 02:05:07]   1. PREREQUISITES
[2026-02-19 02:05:07] ======================================================================
[2026-02-19 02:05:08]   TimescaleDB: OK
[2026-02-19 02:05:08]   Clearing database for fresh start...
[2026-02-19 02:05:10]   All tables dropped.
[2026-02-19 02:05:10]   $ arcana --log-level INFO db init
    2026-02-19 02:05:10 [INFO] arcana.storage.database: Connected to database at localhost
    2026-02-19 02:05:11 [INFO] arcana.storage.database: Hypertables created/verified
    2026-02-19 02:05:11 [INFO] arcana.storage.database: Database schema initialized
[2026-02-19 02:05:11]   Schema: initialized (fresh)
[2026-02-19 02:05:11] 
[2026-02-19 02:05:11] ======================================================================
[2026-02-19 02:05:11]   2. BACKFILL (month-by-month)
[2026-02-19 02:05:11] ======================================================================
[2026-02-19 02:05:11]   6 monthly chunks to process
[2026-02-19 02:05:11]   2025-08-23 -> 2026-02-19
[2026-02-19 02:05:11] 
[2026-02-19 02:05:11]   [1/6] 2025-08-23 to 2025-09-22
[2026-02-19 02:05:11]   Attempt 1/5 for 2025-08-23 to 2025-09-22
[2026-02-19 02:05:11]   $ arcana --log-level INFO ingest ETH-USD --since 2025-08-23T07:05:11 --until 2025-09-22T07:05:11
